07-09 15:54:22 com_github_MitjaNemec_ReplicateLayout.action_replicate_layout 409:Plugin executed on: 'win32'
07-09 15:54:22 com_github_MitjaNemec_ReplicateLayout.action_replicate_layout 410:Plugin executed with python version: '3.11.5 (main, Jan 27 2025, 07:08:36) [MSC v.1942 64 bit (AMD64)]'
07-09 15:54:22 com_github_MitjaNemec_ReplicateLayout.action_replicate_layout 411:KiCad build version: 9.0.1
07-09 15:54:22 com_github_MitjaNemec_ReplicateLayout.action_replicate_layout 412:Plugin version: 4.0.3
07-09 15:54:22 com_github_MitjaNemec_ReplicateLayout.action_replicate_layout 413:Frame repr: <wx._core.Frame object at 0x000002493C3C04C0>
07-09 15:54:22 com_github_MitjaNemec_ReplicateLayout.action_replicate_layout 437:Preparing replicator with LED14 as a reference
07-09 15:54:22 com_github_MitjaNemec_ReplicateLayout.replicate_layout 117:getting a list of all footprints on board
07-09 15:54:22 com_github_MitjaNemec_ReplicateLayout.action_replicate_layout 485:source anchor footprint is 'LED14'
Located on: ['/Power_Switch/']
With filenames: ['Power_Switch.kicad_sch']
With sheet_id:['/Power_Switch/']
07-09 15:54:22 com_github_MitjaNemec_ReplicateLayout.action_replicate_layout 492:Corresponding footprints are 
[('LED16', ['/Power_Switch1/']), ('LED14', ['/Power_Switch/'])]
07-09 15:54:22 com_github_MitjaNemec_ReplicateLayout.action_replicate_layout 504:Showing dialog
07-09 15:54:22 com_github_MitjaNemec_ReplicateLayout.replicate_layout 472:constructing a list of sheets suitable for replication on level:'/Power_Switch/', file:'Power_Switch.kicad_sch'
07-09 15:54:22 com_github_MitjaNemec_ReplicateLayout.replicate_layout 509:suitable sheets are:[['/Power_Switch1/']]
07-09 15:54:23 com_github_MitjaNemec_ReplicateLayout.replicate_layout 1512:Level selected: ['/Power_Switch/']
07-09 15:54:23 com_github_MitjaNemec_ReplicateLayout.replicate_layout 1336:Filtering list of tracks
07-09 15:54:23 com_github_MitjaNemec_ReplicateLayout.action_replicate_layout 510:Toolbar position: wx.Point(1649, 111)
07-09 15:54:23 com_github_MitjaNemec_ReplicateLayout.action_replicate_layout 515:Dialog position: wx.Point(1210, 111)
07-09 15:54:35 com_github_MitjaNemec_ReplicateLayout.replicate_layout 472:constructing a list of sheets suitable for replication on level:'/Power_Switch/', file:'Power_Switch.kicad_sch'
07-09 15:54:35 com_github_MitjaNemec_ReplicateLayout.replicate_layout 509:suitable sheets are:[['/Power_Switch1/']]
07-09 15:54:35 com_github_MitjaNemec_ReplicateLayout.action_replicate_layout 248:Replicating layout
07-09 15:54:35 com_github_MitjaNemec_ReplicateLayout.replicate_layout 288:Starting replication of sheets: [['/Power_Switch1/']]
on level: ['/Power_Switch/']
with tracks=True, zone=True, text=True, text=True, intersecting=False, remove=False, locked footprints=False, group_only=False
07-09 15:54:35 root 340:updating GUI message: 'Preparing for replication'
07-09 15:54:35 root 345:updating GUI with: 0
07-09 15:54:35 com_github_MitjaNemec_ReplicateLayout.replicate_layout 358:Getting the list of source footprints
07-09 15:54:35 com_github_MitjaNemec_ReplicateLayout.replicate_layout 368:Getting the list of all the remaining footprints
07-09 15:54:35 com_github_MitjaNemec_ReplicateLayout.replicate_layout 375:Getting source tracks
07-09 15:54:35 com_github_MitjaNemec_ReplicateLayout.replicate_layout 1336:Filtering list of tracks
07-09 15:54:35 com_github_MitjaNemec_ReplicateLayout.replicate_layout 379:Getting source zones
07-09 15:54:35 root 345:updating GUI with: 50
07-09 15:54:35 com_github_MitjaNemec_ReplicateLayout.replicate_layout 383:Getting source text items
07-09 15:54:35 root 345:updating GUI with: 66
07-09 15:54:35 com_github_MitjaNemec_ReplicateLayout.replicate_layout 387:Getting source drawing items
07-09 15:54:35 root 340:updating GUI message: 'Replicating footprints'
07-09 15:54:35 com_github_MitjaNemec_ReplicateLayout.replicate_layout 863:Replicating footprints
07-09 15:54:35 com_github_MitjaNemec_ReplicateLayout.replicate_layout 870:Replicating footprints on sheet ['/Power_Switch1/']
07-09 15:54:35 com_github_MitjaNemec_ReplicateLayout.replicate_layout 835:Src fp.id: 'C8D57C80-E849-429E-8F4A-9DE65E23DDF6'
07-09 15:54:35 com_github_MitjaNemec_ReplicateLayout.replicate_layout 839:Dst fp.id: 'C8D57C80-E849-429E-8F4A-9DE65E23DDF6'
07-09 15:54:35 com_github_MitjaNemec_ReplicateLayout.replicate_layout 888:Replicating footprint: 'LED15'
07-09 15:54:35 com_github_MitjaNemec_ReplicateLayout.replicate_layout 835:Src fp.id: '7D75F033-E448-41E3-97BE-382D88D50D3B'
07-09 15:54:35 com_github_MitjaNemec_ReplicateLayout.replicate_layout 839:Dst fp.id: '7D75F033-E448-41E3-97BE-382D88D50D3B'
07-09 15:54:35 com_github_MitjaNemec_ReplicateLayout.replicate_layout 895:found match in dst footprint: 'LED17'
07-09 15:54:35 com_github_MitjaNemec_ReplicateLayout.replicate_layout 990:Src text UUid:4ec5f16d-0904-4c8a-b38a-373590edc89f
07-09 15:54:35 com_github_MitjaNemec_ReplicateLayout.replicate_layout 991:Dst text UUid:0d54f920-9347-46f7-a86e-d64629009629
07-09 15:54:35 com_github_MitjaNemec_ReplicateLayout.replicate_layout 990:Src text UUid:4dd00a46-aff9-4104-a9d2-1b3bfa51ac73
07-09 15:54:35 com_github_MitjaNemec_ReplicateLayout.replicate_layout 991:Dst text UUid:26fc8b97-bf76-4368-b774-645533c6d16f
07-09 15:54:35 com_github_MitjaNemec_ReplicateLayout.replicate_layout 990:Src text UUid:f0a00587-e753-4d4d-a25c-55d84215e38d
07-09 15:54:35 com_github_MitjaNemec_ReplicateLayout.replicate_layout 991:Dst text UUid:1f3881aa-b331-4f49-a954-b140e28f02cd
07-09 15:54:35 com_github_MitjaNemec_ReplicateLayout.replicate_layout 888:Replicating footprint: 'LED14'
07-09 15:54:35 root 345:updating GUI with: 15
07-09 15:54:35 com_github_MitjaNemec_ReplicateLayout.replicate_layout 835:Src fp.id: 'C8D57C80-E849-429E-8F4A-9DE65E23DDF6'
07-09 15:54:35 com_github_MitjaNemec_ReplicateLayout.replicate_layout 839:Dst fp.id: 'C8D57C80-E849-429E-8F4A-9DE65E23DDF6'
07-09 15:54:35 com_github_MitjaNemec_ReplicateLayout.replicate_layout 895:found match in dst footprint: 'LED16'
07-09 15:54:35 com_github_MitjaNemec_ReplicateLayout.replicate_layout 990:Src text UUid:53f3564b-249f-403a-98bb-0acc935de9ab
07-09 15:54:35 com_github_MitjaNemec_ReplicateLayout.replicate_layout 991:Dst text UUid:aa0b1207-85db-42a0-8b78-0c6391d3ac79
07-09 15:54:35 com_github_MitjaNemec_ReplicateLayout.replicate_layout 990:Src text UUid:4e99aa47-de33-48d7-bf04-4dd8f9a95280
07-09 15:54:35 com_github_MitjaNemec_ReplicateLayout.replicate_layout 991:Dst text UUid:08363b9d-7816-4e4b-8823-b30a5d5c31e2
07-09 15:54:35 com_github_MitjaNemec_ReplicateLayout.replicate_layout 990:Src text UUid:b08cec87-91fa-4db6-8be0-7225f44ab0ce
07-09 15:54:35 com_github_MitjaNemec_ReplicateLayout.replicate_layout 991:Dst text UUid:059f6e75-745d-46fa-ad67-42d1729bf34a
07-09 15:54:35 com_github_MitjaNemec_ReplicateLayout.replicate_layout 888:Replicating footprint: 'R45'
07-09 15:54:35 com_github_MitjaNemec_ReplicateLayout.replicate_layout 835:Src fp.id: 'C8DC4465-4BF6-49BE-A5C5-D0F9CB5C2BE4'
07-09 15:54:35 com_github_MitjaNemec_ReplicateLayout.replicate_layout 839:Dst fp.id: 'C8DC4465-4BF6-49BE-A5C5-D0F9CB5C2BE4'
07-09 15:54:35 com_github_MitjaNemec_ReplicateLayout.replicate_layout 895:found match in dst footprint: 'R51'
07-09 15:54:35 com_github_MitjaNemec_ReplicateLayout.replicate_layout 990:Src text UUid:e8e4df1f-18c4-47ce-a651-ec2a6a5c2c7c
07-09 15:54:35 com_github_MitjaNemec_ReplicateLayout.replicate_layout 991:Dst text UUid:fe23dbc6-2c88-48bf-aafe-261114a9cec2
07-09 15:54:35 com_github_MitjaNemec_ReplicateLayout.replicate_layout 990:Src text UUid:627bab08-ed5d-4b32-8156-586f2f182df4
07-09 15:54:35 com_github_MitjaNemec_ReplicateLayout.replicate_layout 991:Dst text UUid:47eb641a-9a68-4241-a8ec-968a94bd484b
07-09 15:54:35 com_github_MitjaNemec_ReplicateLayout.replicate_layout 990:Src text UUid:1cf43f08-6551-41f2-8e7f-754f66de8bd6
07-09 15:54:35 com_github_MitjaNemec_ReplicateLayout.replicate_layout 991:Dst text UUid:c15e7288-8694-409c-a49a-7704697d79be
07-09 15:54:35 com_github_MitjaNemec_ReplicateLayout.replicate_layout 888:Replicating footprint: 'R41'
07-09 15:54:35 com_github_MitjaNemec_ReplicateLayout.replicate_layout 835:Src fp.id: 'BC4C2653-1048-4B42-9B8E-0E1436BF0B3F'
07-09 15:54:35 com_github_MitjaNemec_ReplicateLayout.replicate_layout 839:Dst fp.id: 'BC4C2653-1048-4B42-9B8E-0E1436BF0B3F'
07-09 15:54:35 com_github_MitjaNemec_ReplicateLayout.replicate_layout 895:found match in dst footprint: 'R47'
07-09 15:54:35 com_github_MitjaNemec_ReplicateLayout.replicate_layout 990:Src text UUid:0b11fb99-26b8-4fcb-8c99-31b5c3a6e633
07-09 15:54:35 com_github_MitjaNemec_ReplicateLayout.replicate_layout 991:Dst text UUid:9aa890fd-7c91-44e8-85d3-b8affd5a3732
07-09 15:54:35 com_github_MitjaNemec_ReplicateLayout.replicate_layout 990:Src text UUid:f72fed77-5b2b-47ce-9a3a-0756d2402f95
07-09 15:54:35 com_github_MitjaNemec_ReplicateLayout.replicate_layout 991:Dst text UUid:1d936340-a380-4fa1-ad46-e3e539cdd084
07-09 15:54:35 com_github_MitjaNemec_ReplicateLayout.replicate_layout 990:Src text UUid:af4f2ba5-8f92-4c22-87c8-2ffa474665e0
07-09 15:54:35 com_github_MitjaNemec_ReplicateLayout.replicate_layout 991:Dst text UUid:2283e4a0-7c13-403d-b5dd-41afb7ab7710
07-09 15:54:35 com_github_MitjaNemec_ReplicateLayout.replicate_layout 888:Replicating footprint: 'U5'
07-09 15:54:35 com_github_MitjaNemec_ReplicateLayout.replicate_layout 835:Src fp.id: '0E880FE0-78CF-4D57-94D8-1D84FA782450'
07-09 15:54:35 com_github_MitjaNemec_ReplicateLayout.replicate_layout 839:Dst fp.id: '0E880FE0-78CF-4D57-94D8-1D84FA782450'
07-09 15:54:35 com_github_MitjaNemec_ReplicateLayout.replicate_layout 895:found match in dst footprint: 'U6'
07-09 15:54:35 com_github_MitjaNemec_ReplicateLayout.replicate_layout 990:Src text UUid:bc158c0a-aa83-444b-9bf5-d14ac97d99d4
07-09 15:54:35 com_github_MitjaNemec_ReplicateLayout.replicate_layout 991:Dst text UUid:c73c7a56-a481-4fe1-afff-c159093a15fd
07-09 15:54:35 com_github_MitjaNemec_ReplicateLayout.replicate_layout 990:Src text UUid:82e97ffc-a85b-4130-bb8a-88960b468f77
07-09 15:54:35 com_github_MitjaNemec_ReplicateLayout.replicate_layout 991:Dst text UUid:793c1e54-6a04-48f8-9ac4-078c47108028
07-09 15:54:35 com_github_MitjaNemec_ReplicateLayout.replicate_layout 990:Src text UUid:8c39b5e0-b751-4e00-84c5-4ce16b1e9bf9
07-09 15:54:35 com_github_MitjaNemec_ReplicateLayout.replicate_layout 991:Dst text UUid:0c3a038a-0805-4486-86be-1663cd1a5a0b
07-09 15:54:35 com_github_MitjaNemec_ReplicateLayout.replicate_layout 888:Replicating footprint: 'R46'
07-09 15:54:35 com_github_MitjaNemec_ReplicateLayout.replicate_layout 835:Src fp.id: '18C46CF9-B447-454D-AC10-E5F9BDC4538F'
07-09 15:54:35 com_github_MitjaNemec_ReplicateLayout.replicate_layout 839:Dst fp.id: '18C46CF9-B447-454D-AC10-E5F9BDC4538F'
07-09 15:54:35 com_github_MitjaNemec_ReplicateLayout.replicate_layout 895:found match in dst footprint: 'R52'
07-09 15:54:35 com_github_MitjaNemec_ReplicateLayout.replicate_layout 990:Src text UUid:86f598cf-f35e-43a6-ab75-b8078ac9c996
07-09 15:54:35 com_github_MitjaNemec_ReplicateLayout.replicate_layout 991:Dst text UUid:6eee59c3-8355-42fb-a90e-2b0196234153
07-09 15:54:35 com_github_MitjaNemec_ReplicateLayout.replicate_layout 990:Src text UUid:bb4d8528-9572-4a53-b896-954ffa769ed1
07-09 15:54:35 com_github_MitjaNemec_ReplicateLayout.replicate_layout 991:Dst text UUid:a4d0c724-85fb-436c-a904-d27bcb83b0fc
07-09 15:54:35 com_github_MitjaNemec_ReplicateLayout.replicate_layout 990:Src text UUid:7555a514-b54b-40e6-a47d-60ff6ba4a996
07-09 15:54:35 com_github_MitjaNemec_ReplicateLayout.replicate_layout 991:Dst text UUid:e66756f5-d192-422c-bf7c-d7c8f472ed77
07-09 15:54:35 com_github_MitjaNemec_ReplicateLayout.replicate_layout 888:Replicating footprint: 'R42'
07-09 15:54:35 com_github_MitjaNemec_ReplicateLayout.replicate_layout 835:Src fp.id: 'DA37BB55-AD5C-4773-9AF5-F234A22D0488'
07-09 15:54:35 com_github_MitjaNemec_ReplicateLayout.replicate_layout 839:Dst fp.id: 'DA37BB55-AD5C-4773-9AF5-F234A22D0488'
07-09 15:54:35 com_github_MitjaNemec_ReplicateLayout.replicate_layout 895:found match in dst footprint: 'R48'
07-09 15:54:35 com_github_MitjaNemec_ReplicateLayout.replicate_layout 990:Src text UUid:9f54a08f-b188-4f15-afc7-8053236e2b7d
07-09 15:54:35 com_github_MitjaNemec_ReplicateLayout.replicate_layout 991:Dst text UUid:80875fb4-9f5b-4230-b755-bffa774e6f02
07-09 15:54:35 com_github_MitjaNemec_ReplicateLayout.replicate_layout 990:Src text UUid:aba7d5f0-d56d-4e15-8176-fabc2b055e8f
07-09 15:54:35 com_github_MitjaNemec_ReplicateLayout.replicate_layout 991:Dst text UUid:f9742004-49cc-4a08-aa21-b3704604cbea
07-09 15:54:35 com_github_MitjaNemec_ReplicateLayout.replicate_layout 990:Src text UUid:cecef256-a5a3-4f9e-9ec3-ed612ec0d1c1
07-09 15:54:35 com_github_MitjaNemec_ReplicateLayout.replicate_layout 991:Dst text UUid:f97224f5-0940-4e20-9d1f-f9c29b4bd9d7
07-09 15:54:35 com_github_MitjaNemec_ReplicateLayout.replicate_layout 888:Replicating footprint: 'R98'
07-09 15:54:35 com_github_MitjaNemec_ReplicateLayout.replicate_layout 835:Src fp.id: '9E2EEEB2-938D-40C4-9D27-926D12039E9C'
07-09 15:54:35 com_github_MitjaNemec_ReplicateLayout.replicate_layout 839:Dst fp.id: '9E2EEEB2-938D-40C4-9D27-926D12039E9C'
07-09 15:54:35 com_github_MitjaNemec_ReplicateLayout.replicate_layout 895:found match in dst footprint: 'R99'
07-09 15:54:35 com_github_MitjaNemec_ReplicateLayout.replicate_layout 990:Src text UUid:b76278af-01a1-415c-a897-178e5553670a
07-09 15:54:35 com_github_MitjaNemec_ReplicateLayout.replicate_layout 991:Dst text UUid:db2a7c64-142f-4743-98db-dfa78ff03d6d
07-09 15:54:35 com_github_MitjaNemec_ReplicateLayout.replicate_layout 990:Src text UUid:c07555c0-67a7-42e5-a027-402a7812304f
07-09 15:54:35 com_github_MitjaNemec_ReplicateLayout.replicate_layout 991:Dst text UUid:d2df25b2-4c1b-4a53-81b7-6d10460cc31b
07-09 15:54:35 com_github_MitjaNemec_ReplicateLayout.replicate_layout 990:Src text UUid:37c6db8e-9ce9-4a29-b62d-223a5c7b1954
07-09 15:54:35 com_github_MitjaNemec_ReplicateLayout.replicate_layout 991:Dst text UUid:68bdc3ac-be32-4cbd-b798-54d80ba476f2
07-09 15:54:35 com_github_MitjaNemec_ReplicateLayout.replicate_layout 888:Replicating footprint: 'R43'
07-09 15:54:35 root 345:updating GUI with: 69
07-09 15:54:35 com_github_MitjaNemec_ReplicateLayout.replicate_layout 835:Src fp.id: '64E9C1C5-8E7D-4706-A5FD-EDD644F28443'
07-09 15:54:35 com_github_MitjaNemec_ReplicateLayout.replicate_layout 839:Dst fp.id: '64E9C1C5-8E7D-4706-A5FD-EDD644F28443'
07-09 15:54:35 com_github_MitjaNemec_ReplicateLayout.replicate_layout 895:found match in dst footprint: 'R49'
07-09 15:54:35 com_github_MitjaNemec_ReplicateLayout.replicate_layout 990:Src text UUid:4aac8afa-2502-4177-a4b7-ef25d09e62d9
07-09 15:54:35 com_github_MitjaNemec_ReplicateLayout.replicate_layout 991:Dst text UUid:2c6cfcc4-ceba-40fb-ab39-f895b146579b
07-09 15:54:35 com_github_MitjaNemec_ReplicateLayout.replicate_layout 990:Src text UUid:c389ea27-3681-424f-8bb2-e2030d760af8
07-09 15:54:35 com_github_MitjaNemec_ReplicateLayout.replicate_layout 991:Dst text UUid:5ec29366-1413-4bb5-a0e1-7c255323d6df
07-09 15:54:35 com_github_MitjaNemec_ReplicateLayout.replicate_layout 990:Src text UUid:0668d8f9-67e6-4805-9d86-a6cfc83a7ec5
07-09 15:54:35 com_github_MitjaNemec_ReplicateLayout.replicate_layout 991:Dst text UUid:ef33e022-22e2-4d1d-acd7-283e309b21c5
07-09 15:54:35 com_github_MitjaNemec_ReplicateLayout.replicate_layout 888:Replicating footprint: 'R44'
07-09 15:54:35 com_github_MitjaNemec_ReplicateLayout.replicate_layout 835:Src fp.id: '3B4E14B7-91EA-43B7-A6C0-3287500E041A'
07-09 15:54:35 com_github_MitjaNemec_ReplicateLayout.replicate_layout 839:Dst fp.id: '3B4E14B7-91EA-43B7-A6C0-3287500E041A'
07-09 15:54:35 com_github_MitjaNemec_ReplicateLayout.replicate_layout 895:found match in dst footprint: 'R50'
07-09 15:54:35 com_github_MitjaNemec_ReplicateLayout.replicate_layout 990:Src text UUid:5da2c188-7982-40d6-9b59-f3f111a2a595
07-09 15:54:35 com_github_MitjaNemec_ReplicateLayout.replicate_layout 991:Dst text UUid:ea416157-a660-4ff4-b1b1-774bdcb7786d
07-09 15:54:35 com_github_MitjaNemec_ReplicateLayout.replicate_layout 990:Src text UUid:eff2db0e-51bd-411c-9f37-b70bb8471b0e
07-09 15:54:35 com_github_MitjaNemec_ReplicateLayout.replicate_layout 991:Dst text UUid:5ebace5f-a1df-4161-b771-8fb954313f7d
07-09 15:54:35 com_github_MitjaNemec_ReplicateLayout.replicate_layout 990:Src text UUid:1e82ce3c-4aca-419b-b051-be2df66b0c2f
07-09 15:54:35 com_github_MitjaNemec_ReplicateLayout.replicate_layout 991:Dst text UUid:bb2dc8e4-1f77-43f0-aa1e-0816475da920
07-09 15:54:35 com_github_MitjaNemec_ReplicateLayout.replicate_layout 888:Replicating footprint: 'R100'
07-09 15:54:35 com_github_MitjaNemec_ReplicateLayout.replicate_layout 835:Src fp.id: 'C1AFF31B-7AF8-4FA2-8E78-5FF608EFCFB7'
07-09 15:54:35 com_github_MitjaNemec_ReplicateLayout.replicate_layout 839:Dst fp.id: 'C1AFF31B-7AF8-4FA2-8E78-5FF608EFCFB7'
07-09 15:54:35 com_github_MitjaNemec_ReplicateLayout.replicate_layout 895:found match in dst footprint: 'R101'
07-09 15:54:35 com_github_MitjaNemec_ReplicateLayout.replicate_layout 990:Src text UUid:95136080-b0b4-4711-9845-0e12557ef70c
07-09 15:54:35 com_github_MitjaNemec_ReplicateLayout.replicate_layout 991:Dst text UUid:4e97ab6b-8db7-4214-a6a3-567ebecbfeec
07-09 15:54:35 com_github_MitjaNemec_ReplicateLayout.replicate_layout 990:Src text UUid:93226fd4-d716-4a8c-bc0d-c8e92e3211d6
07-09 15:54:35 com_github_MitjaNemec_ReplicateLayout.replicate_layout 991:Dst text UUid:9de2fb62-7b54-443d-bf14-1e7eb6d60ad0
07-09 15:54:35 com_github_MitjaNemec_ReplicateLayout.replicate_layout 990:Src text UUid:4684737e-56cd-4faa-8e9e-719a04f7ae34
07-09 15:54:35 com_github_MitjaNemec_ReplicateLayout.replicate_layout 991:Dst text UUid:76365967-8831-4134-9ffd-b97fc83367e3
07-09 15:54:35 com_github_MitjaNemec_ReplicateLayout.replicate_layout 888:Replicating footprint: 'R87'
07-09 15:54:35 com_github_MitjaNemec_ReplicateLayout.replicate_layout 835:Src fp.id: 'D95A2269-7256-452F-9FC8-DB76F3A0C61A'
07-09 15:54:35 com_github_MitjaNemec_ReplicateLayout.replicate_layout 839:Dst fp.id: 'D95A2269-7256-452F-9FC8-DB76F3A0C61A'
07-09 15:54:35 com_github_MitjaNemec_ReplicateLayout.replicate_layout 895:found match in dst footprint: 'R88'
07-09 15:54:35 com_github_MitjaNemec_ReplicateLayout.replicate_layout 990:Src text UUid:fc263018-f6f3-40ca-a02e-e6d3d73fe1d3
07-09 15:54:35 com_github_MitjaNemec_ReplicateLayout.replicate_layout 991:Dst text UUid:749f448e-4029-41e7-80cc-b67ea6ed2eab
07-09 15:54:35 com_github_MitjaNemec_ReplicateLayout.replicate_layout 990:Src text UUid:b50fd94e-8230-4918-9761-555994068802
07-09 15:54:35 com_github_MitjaNemec_ReplicateLayout.replicate_layout 991:Dst text UUid:c6156354-afb3-4825-a044-24f7df407177
07-09 15:54:35 com_github_MitjaNemec_ReplicateLayout.replicate_layout 990:Src text UUid:c98d5817-1742-4007-8873-091adcea1530
07-09 15:54:35 com_github_MitjaNemec_ReplicateLayout.replicate_layout 991:Dst text UUid:847484a7-3b83-4f74-be21-ae25cc5f9a52
07-09 15:54:35 com_github_MitjaNemec_ReplicateLayout.replicate_layout 888:Replicating footprint: 'C38'
07-09 15:54:35 com_github_MitjaNemec_ReplicateLayout.replicate_layout 835:Src fp.id: '057D2B6A-6712-47B7-BBE2-2B48058E98A0'
07-09 15:54:35 com_github_MitjaNemec_ReplicateLayout.replicate_layout 839:Dst fp.id: '057D2B6A-6712-47B7-BBE2-2B48058E98A0'
07-09 15:54:35 com_github_MitjaNemec_ReplicateLayout.replicate_layout 895:found match in dst footprint: 'C39'
07-09 15:54:35 com_github_MitjaNemec_ReplicateLayout.replicate_layout 990:Src text UUid:8fd1c322-e105-4572-8336-3371fe1e866a
07-09 15:54:35 com_github_MitjaNemec_ReplicateLayout.replicate_layout 991:Dst text UUid:c12e3dac-c2f3-4e42-9def-b4611aca270a
07-09 15:54:35 com_github_MitjaNemec_ReplicateLayout.replicate_layout 990:Src text UUid:2bc71303-21e5-4ef0-8fc4-f40fe81c682e
07-09 15:54:35 com_github_MitjaNemec_ReplicateLayout.replicate_layout 991:Dst text UUid:24370144-16f6-4fdb-a589-51d914af50c2
07-09 15:54:35 com_github_MitjaNemec_ReplicateLayout.replicate_layout 990:Src text UUid:fc96eb7f-d99c-4be6-bbe4-a444f1d4cbb5
07-09 15:54:35 com_github_MitjaNemec_ReplicateLayout.replicate_layout 991:Dst text UUid:62e01666-49a9-42e4-ad53-f7764b54a09e
07-09 15:54:35 root 340:updating GUI message: 'Replicating tracks'
07-09 15:54:35 com_github_MitjaNemec_ReplicateLayout.replicate_layout 1014:Replicating tracks
07-09 15:54:35 com_github_MitjaNemec_ReplicateLayout.replicate_layout 1020:Replicating tracks on sheet ['/Power_Switch1/']
07-09 15:54:35 com_github_MitjaNemec_ReplicateLayout.replicate_layout 835:Src fp.id: 'C8D57C80-E849-429E-8F4A-9DE65E23DDF6'
07-09 15:54:35 com_github_MitjaNemec_ReplicateLayout.replicate_layout 839:Dst fp.id: 'C8D57C80-E849-429E-8F4A-9DE65E23DDF6'
07-09 15:54:35 com_github_MitjaNemec_ReplicateLayout.replicate_layout 776:Significant difference between src net: ['', '+12V_LIGHT_IPCAM'] and dst net: ['', '+24V_FLASH1'], with src_net_depth=2, dst_net_depth=2, src_fp_depth=1, dst_fp_depth=1, match level 0.72
07-09 15:54:35 com_github_MitjaNemec_ReplicateLayout.replicate_layout 776:Significant difference between src net: ['', '+12V_BD3D'] and dst net: ['', '+24V_FLASH2'], with src_net_depth=2, dst_net_depth=2, src_fp_depth=1, dst_fp_depth=1, match level 0.70
07-09 15:54:35 com_github_MitjaNemec_ReplicateLayout.replicate_layout 776:Significant difference between src net: ['', '+12V_BD3D'] and dst net: ['', '+24V_FLASH2'], with src_net_depth=2, dst_net_depth=2, src_fp_depth=1, dst_fp_depth=1, match level 0.70
07-09 15:54:35 com_github_MitjaNemec_ReplicateLayout.replicate_layout 776:Significant difference between src net: ['', '+12V_BD3D'] and dst net: ['', '+24V_FLASH2'], with src_net_depth=2, dst_net_depth=2, src_fp_depth=1, dst_fp_depth=1, match level 0.70
07-09 15:54:35 com_github_MitjaNemec_ReplicateLayout.replicate_layout 776:Significant difference between src net: ['', '+12V_LIGHT_IPCAM'] and dst net: ['', '+24V_FLASH1'], with src_net_depth=2, dst_net_depth=2, src_fp_depth=1, dst_fp_depth=1, match level 0.72
07-09 15:54:35 com_github_MitjaNemec_ReplicateLayout.replicate_layout 776:Significant difference between src net: ['', '+12V_LIGHT_IPCAM'] and dst net: ['', '+24V_FLASH1'], with src_net_depth=2, dst_net_depth=2, src_fp_depth=1, dst_fp_depth=1, match level 0.72
07-09 15:54:35 com_github_MitjaNemec_ReplicateLayout.replicate_layout 776:Significant difference between src net: ['', '+12V_LIGHT_IPCAM'] and dst net: ['', '+24V_FLASH1'], with src_net_depth=2, dst_net_depth=2, src_fp_depth=1, dst_fp_depth=1, match level 0.72
07-09 15:54:35 com_github_MitjaNemec_ReplicateLayout.replicate_layout 776:Significant difference between src net: ['', '+12V_LIGHT_IPCAM'] and dst net: ['', '+24V_FLASH1'], with src_net_depth=2, dst_net_depth=2, src_fp_depth=1, dst_fp_depth=1, match level 0.72
07-09 15:54:35 com_github_MitjaNemec_ReplicateLayout.replicate_layout 776:Significant difference between src net: ['', '+12V_BD3D'] and dst net: ['', '+24V_FLASH2'], with src_net_depth=2, dst_net_depth=2, src_fp_depth=1, dst_fp_depth=1, match level 0.70
07-09 15:54:35 com_github_MitjaNemec_ReplicateLayout.replicate_layout 776:Significant difference between src net: ['', '+12V_BD3D'] and dst net: ['', '+24V_FLASH2'], with src_net_depth=2, dst_net_depth=2, src_fp_depth=1, dst_fp_depth=1, match level 0.70
07-09 15:54:35 com_github_MitjaNemec_ReplicateLayout.replicate_layout 792:Net pairs for sheet ['/Power_Switch1/'] :[('/+12V_LIGHT_IPCAM', '/+24V_FLASH1'), ('GND', 'GND'), ('Net-(U5-SEn)', 'Net-(U6-SEn)'), ('+3.3V', '+3.3V'), ('/+12V_BD3D', '/+24V_FLASH2'), ('Net-(LED14-+)', 'Net-(LED16-+)'), ('Net-(U5-MultiSense)', 'Net-(U6-MultiSense)'), ('', ''), ('Net-(LED15-+)', 'Net-(LED17-+)'), ('Net-(R43-Pad1)', 'Net-(R49-Pad1)'), ('/+12V_MULTISENSE', '/+24V_MULTISENSE'), ('Net-(U5-~{FaultRST})', 'Net-(U6-~{FaultRST})'), ('Net-(R100-Pad2)', 'Net-(R101-Pad2)'), ('/MCU_ESP32/12V_SEL_0', '/MCU_ESP32/24V_SEL_0'), ('/MCU_ESP32/12V_SEL_1', '/MCU_ESP32/24V_SEL_1'), ('/MCU_ESP32/12V_EC_1', '/MCU_ESP32/24V_EC_1'), ('/MCU_ESP32/12V_EC_0', '/MCU_ESP32/24V_EC_0'), ('+12V', '+24V')]
07-09 15:54:35 root 340:updating GUI message: 'Replicating zones'
07-09 15:54:35 com_github_MitjaNemec_ReplicateLayout.replicate_layout 1084:Replicating zones
07-09 15:54:35 com_github_MitjaNemec_ReplicateLayout.replicate_layout 1091:Replicating zones on sheet ['/Power_Switch1/']
07-09 15:54:35 com_github_MitjaNemec_ReplicateLayout.replicate_layout 835:Src fp.id: 'C8D57C80-E849-429E-8F4A-9DE65E23DDF6'
07-09 15:54:35 com_github_MitjaNemec_ReplicateLayout.replicate_layout 839:Dst fp.id: 'C8D57C80-E849-429E-8F4A-9DE65E23DDF6'
07-09 15:54:35 com_github_MitjaNemec_ReplicateLayout.replicate_layout 776:Significant difference between src net: ['', '+12V_LIGHT_IPCAM'] and dst net: ['', '+24V_FLASH1'], with src_net_depth=2, dst_net_depth=2, src_fp_depth=1, dst_fp_depth=1, match level 0.72
07-09 15:54:35 com_github_MitjaNemec_ReplicateLayout.replicate_layout 776:Significant difference between src net: ['', '+12V_BD3D'] and dst net: ['', '+24V_FLASH2'], with src_net_depth=2, dst_net_depth=2, src_fp_depth=1, dst_fp_depth=1, match level 0.70
07-09 15:54:35 com_github_MitjaNemec_ReplicateLayout.replicate_layout 776:Significant difference between src net: ['', '+12V_BD3D'] and dst net: ['', '+24V_FLASH2'], with src_net_depth=2, dst_net_depth=2, src_fp_depth=1, dst_fp_depth=1, match level 0.70
07-09 15:54:35 com_github_MitjaNemec_ReplicateLayout.replicate_layout 776:Significant difference between src net: ['', '+12V_BD3D'] and dst net: ['', '+24V_FLASH2'], with src_net_depth=2, dst_net_depth=2, src_fp_depth=1, dst_fp_depth=1, match level 0.70
07-09 15:54:35 com_github_MitjaNemec_ReplicateLayout.replicate_layout 776:Significant difference between src net: ['', '+12V_LIGHT_IPCAM'] and dst net: ['', '+24V_FLASH1'], with src_net_depth=2, dst_net_depth=2, src_fp_depth=1, dst_fp_depth=1, match level 0.72
07-09 15:54:35 com_github_MitjaNemec_ReplicateLayout.replicate_layout 776:Significant difference between src net: ['', '+12V_LIGHT_IPCAM'] and dst net: ['', '+24V_FLASH1'], with src_net_depth=2, dst_net_depth=2, src_fp_depth=1, dst_fp_depth=1, match level 0.72
07-09 15:54:35 com_github_MitjaNemec_ReplicateLayout.replicate_layout 776:Significant difference between src net: ['', '+12V_LIGHT_IPCAM'] and dst net: ['', '+24V_FLASH1'], with src_net_depth=2, dst_net_depth=2, src_fp_depth=1, dst_fp_depth=1, match level 0.72
07-09 15:54:35 com_github_MitjaNemec_ReplicateLayout.replicate_layout 776:Significant difference between src net: ['', '+12V_LIGHT_IPCAM'] and dst net: ['', '+24V_FLASH1'], with src_net_depth=2, dst_net_depth=2, src_fp_depth=1, dst_fp_depth=1, match level 0.72
07-09 15:54:35 com_github_MitjaNemec_ReplicateLayout.replicate_layout 776:Significant difference between src net: ['', '+12V_BD3D'] and dst net: ['', '+24V_FLASH2'], with src_net_depth=2, dst_net_depth=2, src_fp_depth=1, dst_fp_depth=1, match level 0.70
07-09 15:54:35 com_github_MitjaNemec_ReplicateLayout.replicate_layout 776:Significant difference between src net: ['', '+12V_BD3D'] and dst net: ['', '+24V_FLASH2'], with src_net_depth=2, dst_net_depth=2, src_fp_depth=1, dst_fp_depth=1, match level 0.70
07-09 15:54:35 com_github_MitjaNemec_ReplicateLayout.replicate_layout 792:Net pairs for sheet ['/Power_Switch1/'] :[('/+12V_LIGHT_IPCAM', '/+24V_FLASH1'), ('GND', 'GND'), ('Net-(U5-SEn)', 'Net-(U6-SEn)'), ('+3.3V', '+3.3V'), ('/+12V_BD3D', '/+24V_FLASH2'), ('Net-(LED14-+)', 'Net-(LED16-+)'), ('Net-(U5-MultiSense)', 'Net-(U6-MultiSense)'), ('', ''), ('Net-(LED15-+)', 'Net-(LED17-+)'), ('Net-(R43-Pad1)', 'Net-(R49-Pad1)'), ('/+12V_MULTISENSE', '/+24V_MULTISENSE'), ('Net-(U5-~{FaultRST})', 'Net-(U6-~{FaultRST})'), ('Net-(R100-Pad2)', 'Net-(R101-Pad2)'), ('/MCU_ESP32/12V_SEL_0', '/MCU_ESP32/24V_SEL_0'), ('/MCU_ESP32/12V_SEL_1', '/MCU_ESP32/24V_SEL_1'), ('/MCU_ESP32/12V_EC_1', '/MCU_ESP32/24V_EC_1'), ('/MCU_ESP32/12V_EC_0', '/MCU_ESP32/24V_EC_0'), ('+12V', '+24V')]
07-09 15:54:35 root 340:updating GUI message: 'Replicating text'
07-09 15:54:35 com_github_MitjaNemec_ReplicateLayout.replicate_layout 1173:Replicating text
07-09 15:54:35 com_github_MitjaNemec_ReplicateLayout.replicate_layout 1180:Replicating text on sheet ['/Power_Switch1/']
07-09 15:54:35 com_github_MitjaNemec_ReplicateLayout.replicate_layout 835:Src fp.id: 'C8D57C80-E849-429E-8F4A-9DE65E23DDF6'
07-09 15:54:35 com_github_MitjaNemec_ReplicateLayout.replicate_layout 839:Dst fp.id: 'C8D57C80-E849-429E-8F4A-9DE65E23DDF6'
07-09 15:54:35 root 340:updating GUI message: 'Replicating drawings'
07-09 15:54:35 com_github_MitjaNemec_ReplicateLayout.replicate_layout 1224:Replicating drawings
07-09 15:54:35 com_github_MitjaNemec_ReplicateLayout.replicate_layout 1230:Replicating drawings on sheet ['/Power_Switch1/']
07-09 15:54:35 com_github_MitjaNemec_ReplicateLayout.replicate_layout 835:Src fp.id: 'C8D57C80-E849-429E-8F4A-9DE65E23DDF6'
07-09 15:54:35 com_github_MitjaNemec_ReplicateLayout.replicate_layout 839:Dst fp.id: 'C8D57C80-E849-429E-8F4A-9DE65E23DDF6'
07-09 15:54:36 com_github_MitjaNemec_ReplicateLayout.action_replicate_layout 264:Replication complete
07-09 15:54:36 com_github_MitjaNemec_ReplicateLayout.action_replicate_layout 267:Letting the user know there are some issues with replicated design
07-09 15:54:36 com_github_MitjaNemec_ReplicateLayout.action_replicate_layout 271:Looks like the design has an exotic connectivity that the plugin might not handle properly
 Make sure that you check the connectivity around:
Footprint U6, pad 10
Footprint U6, pad 11
Footprint U6, pad 12
Footprint R51, pad 2
Footprint U6, pad 16
Footprint U6, pad 13
Footprint R52, pad 2
Footprint U6, pad 15
Footprint U6, pad 14
Footprint U6, pad 9

